1610019833801	geckodriver	INFO	Listening on 127.0.0.1:58908
1610019836842	mozrunner::runner	INFO	Running command: "C:\\Program Files\\Mozilla Firefox\\firefox.exe" "--marionette" "-foreground" "-no-remote" "-profile" "C:\\Users\\LucNog\\AppData\\Local\\Temp\\rust_mozprofile3W4ykm"
1610019932787	geckodriver	INFO	Listening on 127.0.0.1:58983
1610019935832	mozrunner::runner	INFO	Running command: "C:\\Program Files\\Mozilla Firefox\\firefox.exe" "--marionette" "-foreground" "-no-remote" "-profile" "C:\\Users\\LucNog\\AppData\\Local\\Temp\\rust_mozprofilewn8Td8"
Can't find symbol 'eglSwapBuffersWithDamageEXT'.
Can't find symbol 'eglSetDamageRegionKHR'.
console.warn: SearchSettings: "get: No settings file exists, new profile?" (new Error("", "(unknown module)"))
1610019938369	Marionette	INFO	Listening on port 58995
1610019938524	Marionette	WARN	TLS certificate errors will be ignored for this session
1610019945490	Marionette	INFO	Stopped listening on port 58995

###!!! [Child][RunMessage] Error: Channel closing: too late to send/recv, messages will be lost

1610020345422	geckodriver	INFO	Listening on 127.0.0.1:59219
1610020348474	mozrunner::runner	INFO	Running command: "C:\\Program Files\\Mozilla Firefox\\firefox.exe" "--marionette" "-foreground" "-no-remote" "-profile" "C:\\Users\\LucNog\\AppData\\Local\\Temp\\rust_mozprofileu6vrrg"
Can't find symbol 'eglSwapBuffersWithDamageEXT'.
Can't find symbol 'eglSetDamageRegionKHR'.
console.warn: SearchSettings: "get: No settings file exists, new profile?" (new Error("", "(unknown module)"))
1610020351180	Marionette	INFO	Listening on port 59227
1610020351637	Marionette	WARN	TLS certificate errors will be ignored for this session
1610020357546	Marionette	INFO	Stopped listening on port 59227
1610021618587	geckodriver	INFO	Listening on 127.0.0.1:59901
1610021621627	mozrunner::runner	INFO	Running command: "C:\\Program Files\\Mozilla Firefox\\firefox.exe" "--marionette" "-foreground" "-no-remote" "-profile" "C:\\Users\\LucNog\\AppData\\Local\\Temp\\rust_mozprofileE7XUwl"
Can't find symbol 'eglSwapBuffersWithDamageEXT'.
Can't find symbol 'eglSetDamageRegionKHR'.
console.warn: SearchSettings: "get: No settings file exists, new profile?" (new Error("", "(unknown module)"))
1610021624157	Marionette	INFO	Listening on port 59909
1610021624324	Marionette	WARN	TLS certificate errors will be ignored for this session
1610021631342	Marionette	INFO	Stopped listening on port 59909

###!!! [Child][RunMessage] Error: Channel closing: too late to send/recv, messages will be lost

1610021636902	geckodriver	INFO	Listening on 127.0.0.1:59990
1610021639950	mozrunner::runner	INFO	Running command: "C:\\Program Files\\Mozilla Firefox\\firefox.exe" "--marionette" "-foreground" "-no-remote" "-profile" "C:\\Users\\LucNog\\AppData\\Local\\Temp\\rust_mozprofileN73ERU"
Can't find symbol 'eglSwapBuffersWithDamageEXT'.
Can't find symbol 'eglSetDamageRegionKHR'.
console.warn: SearchSettings: "get: No settings file exists, new profile?" (new Error("", "(unknown module)"))
1610021642465	Marionette	INFO	Listening on port 59998
1610021642650	Marionette	WARN	TLS certificate errors will be ignored for this session
1610021650162	Marionette	INFO	Stopped listening on port 59998

###!!! [Child][RunMessage] Error: Channel closing: too late to send/recv, messages will be lost

1610021670132	geckodriver	INFO	Listening on 127.0.0.1:60078
1610021673183	mozrunner::runner	INFO	Running command: "C:\\Program Files\\Mozilla Firefox\\firefox.exe" "--marionette" "-foreground" "-no-remote" "-profile" "C:\\Users\\LucNog\\AppData\\Local\\Temp\\rust_mozprofile9uLEOE"
Can't find symbol 'eglSwapBuffersWithDamageEXT'.
Can't find symbol 'eglSetDamageRegionKHR'.
console.warn: SearchSettings: "get: No settings file exists, new profile?" (new Error("", "(unknown module)"))
1610021675713	Marionette	INFO	Listening on port 60086
1610021675873	Marionette	WARN	TLS certificate errors will be ignored for this session
1610021679186	Marionette	INFO	Stopped listening on port 60086

###!!! [Child][RunMessage] Error: Channel closing: too late to send/recv, messages will be lost

1610021737373	geckodriver	INFO	Listening on 127.0.0.1:60156
1610021740429	mozrunner::runner	INFO	Running command: "C:\\Program Files\\Mozilla Firefox\\firefox.exe" "--marionette" "-foreground" "-no-remote" "-profile" "C:\\Users\\LucNog\\AppData\\Local\\Temp\\rust_mozprofileiazkGO"
Can't find symbol 'eglSwapBuffersWithDamageEXT'.
Can't find symbol 'eglSetDamageRegionKHR'.
console.warn: SearchSettings: "get: No settings file exists, new profile?" (new Error("", "(unknown module)"))
1610021742941	Marionette	INFO	Listening on port 60166
1610021743110	Marionette	WARN	TLS certificate errors will be ignored for this session
1610021750231	Marionette	INFO	Stopped listening on port 60166

###!!! [Child][RunMessage] Error: Channel closing: too late to send/recv, messages will be lost

1610021828075	geckodriver	INFO	Listening on 127.0.0.1:60281
1610021831097	mozrunner::runner	INFO	Running command: "C:\\Program Files\\Mozilla Firefox\\firefox.exe" "--marionette" "-foreground" "-no-remote" "-profile" "C:\\Users\\LucNog\\AppData\\Local\\Temp\\rust_mozprofile102MOu"
Can't find symbol 'eglSwapBuffersWithDamageEXT'.
Can't find symbol 'eglSetDamageRegionKHR'.
console.warn: SearchSettings: "get: No settings file exists, new profile?" (new Error("", "(unknown module)"))
1610021833856	Marionette	INFO	Listening on port 60289
1610021834310	Marionette	WARN	TLS certificate errors will be ignored for this session
1610021837804	Marionette	INFO	Stopped listening on port 60289

###!!! [Child][RunMessage] Error: Channel closing: too late to send/recv, messages will be lost

1610021924890	geckodriver	INFO	Listening on 127.0.0.1:60359
1610021927915	mozrunner::runner	INFO	Running command: "C:\\Program Files\\Mozilla Firefox\\firefox.exe" "--marionette" "-foreground" "-no-remote" "-profile" "C:\\Users\\LucNog\\AppData\\Local\\Temp\\rust_mozprofileBSfJd5"
Can't find symbol 'eglSwapBuffersWithDamageEXT'.
Can't find symbol 'eglSetDamageRegionKHR'.
console.warn: SearchSettings: "get: No settings file exists, new profile?" (new Error("", "(unknown module)"))
1610021930614	Marionette	INFO	Listening on port 60368
1610021931121	Marionette	WARN	TLS certificate errors will be ignored for this session
1610021934474	Marionette	INFO	Stopped listening on port 60368

###!!! [Child][RunMessage] Error: Channel closing: too late to send/recv, messages will be lost

1610022013462	geckodriver	INFO	Listening on 127.0.0.1:60433
1610022016507	mozrunner::runner	INFO	Running command: "C:\\Program Files\\Mozilla Firefox\\firefox.exe" "--marionette" "-foreground" "-no-remote" "-profile" "C:\\Users\\LucNog\\AppData\\Local\\Temp\\rust_mozprofileBS8mhb"
Can't find symbol 'eglSwapBuffersWithDamageEXT'.
Can't find symbol 'eglSetDamageRegionKHR'.
console.warn: SearchSettings: "get: No settings file exists, new profile?" (new Error("", "(unknown module)"))
1610022019577	Marionette	INFO	Listening on port 60442
1610022019689	Marionette	WARN	TLS certificate errors will be ignored for this session
1610022023110	Marionette	INFO	Stopped listening on port 60442
1610022536822	geckodriver	INFO	Listening on 127.0.0.1:62402
1610022539858	mozrunner::runner	INFO	Running command: "C:\\Program Files\\Mozilla Firefox\\firefox.exe" "--marionette" "-foreground" "-no-remote" "-profile" "C:\\Users\\LucNog\\AppData\\Local\\Temp\\rust_mozprofileWWPOUD"
Can't find symbol 'eglSwapBuffersWithDamageEXT'.
Can't find symbol 'eglSetDamageRegionKHR'.
console.warn: SearchSettings: "get: No settings file exists, new profile?" (new Error("", "(unknown module)"))
1610022542468	Marionette	INFO	Listening on port 62411
1610022542555	Marionette	WARN	TLS certificate errors will be ignored for this session
1610022551101	Marionette	INFO	Stopped listening on port 62411

###!!! [Child][RunMessage] Error: Channel closing: too late to send/recv, messages will be lost

1610022592800	geckodriver	INFO	Listening on 127.0.0.1:62510
1610022595829	mozrunner::runner	INFO	Running command: "C:\\Program Files\\Mozilla Firefox\\firefox.exe" "--marionette" "-foreground" "-no-remote" "-profile" "C:\\Users\\LucNog\\AppData\\Local\\Temp\\rust_mozprofileCiIxkY"
Can't find symbol 'eglSwapBuffersWithDamageEXT'.
Can't find symbol 'eglSetDamageRegionKHR'.
console.warn: SearchSettings: "get: No settings file exists, new profile?" (new Error("", "(unknown module)"))
1610022598825	Marionette	INFO	Listening on port 62518
1610022599054	Marionette	WARN	TLS certificate errors will be ignored for this session
1610022602613	Marionette	INFO	Stopped listening on port 62518

###!!! [Child][RunMessage] Error: Channel closing: too late to send/recv, messages will be lost

1610022640150	geckodriver	INFO	Listening on 127.0.0.1:62584
1610022643182	mozrunner::runner	INFO	Running command: "C:\\Program Files\\Mozilla Firefox\\firefox.exe" "--marionette" "-foreground" "-no-remote" "-profile" "C:\\Users\\LucNog\\AppData\\Local\\Temp\\rust_mozprofileIr8xb5"
Can't find symbol 'eglSwapBuffersWithDamageEXT'.
Can't find symbol 'eglSetDamageRegionKHR'.
console.warn: SearchSettings: "get: No settings file exists, new profile?" (new Error("", "(unknown module)"))
1610022646087	Marionette	INFO	Listening on port 62594
1610022646378	Marionette	WARN	TLS certificate errors will be ignored for this session
1610022652825	Marionette	INFO	Stopped listening on port 62594

###!!! [Child][RunMessage] Error: Channel closing: too late to send/recv, messages will be lost

1610022819612	geckodriver	INFO	Listening on 127.0.0.1:62760
1610022822646	mozrunner::runner	INFO	Running command: "C:\\Program Files\\Mozilla Firefox\\firefox.exe" "--marionette" "-foreground" "-no-remote" "-profile" "C:\\Users\\LucNog\\AppData\\Local\\Temp\\rust_mozprofileW8mWfM"
Can't find symbol 'eglSwapBuffersWithDamageEXT'.
Can't find symbol 'eglSetDamageRegionKHR'.
console.warn: SearchSettings: "get: No settings file exists, new profile?" (new Error("", "(unknown module)"))
1610022825307	Marionette	INFO	Listening on port 62769
1610022825334	Marionette	WARN	TLS certificate errors will be ignored for this session
1610022832520	Marionette	INFO	Stopped listening on port 62769

###!!! [Child][RunMessage] Error: Channel closing: too late to send/recv, messages will be lost

1610022851149	geckodriver	INFO	Listening on 127.0.0.1:62861
1610022854188	mozrunner::runner	INFO	Running command: "C:\\Program Files\\Mozilla Firefox\\firefox.exe" "--marionette" "-foreground" "-no-remote" "-profile" "C:\\Users\\LucNog\\AppData\\Local\\Temp\\rust_mozprofileaRJtsp"
Can't find symbol 'eglSwapBuffersWithDamageEXT'.
Can't find symbol 'eglSetDamageRegionKHR'.
console.warn: SearchSettings: "get: No settings file exists, new profile?" (new Error("", "(unknown module)"))
1610022856737	Marionette	INFO	Listening on port 62869
1610022856882	Marionette	WARN	TLS certificate errors will be ignored for this session
1610022864405	Marionette	INFO	Stopped listening on port 62869

###!!! [Child][RunMessage] Error: Channel closing: too late to send/recv, messages will be lost

1610024009257	geckodriver	INFO	Listening on 127.0.0.1:65250
1610024012308	mozrunner::runner	INFO	Running command: "C:\\Program Files\\Mozilla Firefox\\firefox.exe" "--marionette" "-foreground" "-no-remote" "-profile" "C:\\Users\\LucNog\\AppData\\Local\\Temp\\rust_mozprofilehKsDfB"
Can't find symbol 'eglSwapBuffersWithDamageEXT'.
Can't find symbol 'eglSetDamageRegionKHR'.
console.warn: SearchSettings: "get: No settings file exists, new profile?" (new Error("", "(unknown module)"))
1610024014922	Marionette	INFO	Listening on port 65259
1610024014989	Marionette	WARN	TLS certificate errors will be ignored for this session
1610024021820	Marionette	INFO	Stopped listening on port 65259
JavaScript error: resource://gre/modules/UrlClassifierListManager.jsm, line 691: TypeError: this.tablesData[table] is undefined

###!!! [Child][RunMessage] Error: Channel closing: too late to send/recv, messages will be lost

